2022.06.18 15:56:31 INFO  tracing is disabled for protocol LSP, to enable tracing of incoming and outgoing JSON messages create an empty file at /home/klebiedzinski/JP1/lebiedzinski-karol/kolokwium_1/.metals/lsp.trace.json or /home/klebiedzinski/.cache/metals/lsp.trace.json[0m
2022.06.18 15:56:31 INFO  logging to file /home/klebiedzinski/JP1/lebiedzinski-karol/kolokwium_1/.metals/metals.log[0m
2022.06.18 15:56:31 INFO  Started: Metals version 0.11.6 in workspace '/home/klebiedzinski/JP1/lebiedzinski-karol/kolokwium_1' for client Visual Studio Code 1.68.1.[0m
2022.06.18 15:56:32 INFO  time: initialize in 0.69s[0m
2022.06.18 15:56:32 WARN  Flyway upgrade recommended: H2 2.1.212 is newer than this version of Flyway and support has not been tested. The latest supported version of H2 is 2.1.210.[0m
2022.06.18 15:56:32 WARN  Build server is not auto-connectable.[0m
2022.06.18 15:56:32 WARN  no build target for: /home/klebiedzinski/JP1/lebiedzinski-karol/kolokwium_1/src/main/scala/Zad01.scala[0m
2022.06.18 15:56:35 INFO  no build target found for /home/klebiedzinski/JP1/lebiedzinski-karol/kolokwium_1/src/main/scala/Zad01.scala. Using presentation compiler with project's scala-library version: 3.1.2[0m
2022.06.18 15:56:38 INFO  time: code lens generation in 2.55s[0m
2022.06.18 15:56:45 WARN  no build target for: /home/klebiedzinski/JP1/lebiedzinski-karol/kolokwium_1/src/main/scala/Zad01.scala[0m
2022.06.18 16:05:04 WARN  no build target for: /home/klebiedzinski/JP1/lebiedzinski-karol/kolokwium_1/src/main/scala/Zad02.scala[0m
2022.06.18 16:06:02 WARN  no build target for: /home/klebiedzinski/JP1/lebiedzinski-karol/kolokwium_1/src/main/scala/Zad01.scala[0m
2022.06.18 16:06:10 WARN  no build target for: /home/klebiedzinski/JP1/lebiedzinski-karol/kolokwium_1/src/main/scala/Zad02.scala[0m
2022.06.18 16:06:20 WARN  no build target for: /home/klebiedzinski/JP1/lebiedzinski-karol/kolokwium_1/src/main/scala/Zad01.scala[0m
2022.06.18 16:07:15 WARN  no build target for: /home/klebiedzinski/JP1/lebiedzinski-karol/kolokwium_1/src/main/scala/Zad01.scala[0m
2022.06.18 16:11:14 WARN  no build target for: /home/klebiedzinski/JP1/lebiedzinski-karol/kolokwium_1/src/main/scala/Zad01.scala[0m
2022.06.18 16:11:26 WARN  no build target for: /home/klebiedzinski/JP1/lebiedzinski-karol/kolokwium_1/src/main/scala/Zad02.scala[0m
2022.06.18 16:42:55 WARN  no build target for: /home/klebiedzinski/JP1/lebiedzinski-karol/kolokwium_1/src/main/scala/Zad01.scala[0m
2022.06.18 16:50:55 WARN  no build target for: /home/klebiedzinski/JP1/lebiedzinski-karol/kolokwium_1/src/main/scala/Zad01.scala[0m
2022.06.18 16:54:51 WARN  no build target for: /home/klebiedzinski/JP1/lebiedzinski-karol/kolokwium_1/src/main/scala/Zad01.scala[0m
Exception in thread "pool-3-thread-1" java.lang.Error: java.lang.InterruptedException
	at java.util.concurrent.ThreadPoolExecutor.runWorker(ThreadPoolExecutor.java:1155)
	at java.util.concurrent.ThreadPoolExecutor$Worker.run(ThreadPoolExecutor.java:624)
	at java.lang.Thread.run(Thread.java:748)
Caused by: java.lang.InterruptedException
	at scala.meta.internal.metals.FutureCancelToken.checkCanceled(FutureCancelToken.scala:29)
	at scala.meta.internal.pc.CompilerAccess.onCompilerJobQueue$$anonfun$1(CompilerAccess.scala:195)
	at scala.meta.internal.pc.CompilerJobQueue$Job.run(CompilerJobQueue.scala:139)
	at java.util.concurrent.ThreadPoolExecutor.runWorker(ThreadPoolExecutor.java:1149)
	... 2 more
2022.06.18 17:01:14 WARN  no build target for: /home/klebiedzinski/JP1/lebiedzinski-karol/kolokwium_1/src/main/scala/Zad02.scala[0m
2022.06.18 17:29:34 WARN  no build target for: /home/klebiedzinski/JP1/lebiedzinski-karol/kolokwium_1/src/main/scala/Zad01.scala[0m
2022.06.18 17:29:56 WARN  no build target for: /home/klebiedzinski/JP1/lebiedzinski-karol/kolokwium_1/src/main/scala/Zad01.scala[0m
2022.06.18 17:30:39 WARN  no build target for: /home/klebiedzinski/JP1/lebiedzinski-karol/kolokwium_1/src/main/scala/Zad01.scala[0m
2022.06.18 17:31:20 WARN  no build target for: /home/klebiedzinski/JP1/lebiedzinski-karol/kolokwium_1/src/main/scala/Zad01.scala[0m
2022.06.18 17:31:57 WARN  no build target for: /home/klebiedzinski/JP1/lebiedzinski-karol/kolokwium_1/src/test/scala/Zad01.scala[0m
2022.06.18 18:40:06 WARN  no build target for: /home/klebiedzinski/JP1/lebiedzinski-karol/kolokwium_1/src/main/scala/Zad02.scala[0m
