2022.05.11 09:02:56 INFO  tracing is disabled for protocol LSP, to enable tracing of incoming and outgoing JSON messages create an empty file at /home/klebiedzinski/JP1/labyDoKolokwium/.metals/lsp.trace.json or /home/klebiedzinski/.cache/metals/lsp.trace.json[0m
2022.05.11 09:02:56 INFO  logging to file /home/klebiedzinski/JP1/labyDoKolokwium/.metals/metals.log[0m
2022.05.11 09:02:56 INFO  Started: Metals version 0.11.5 in workspace '/home/klebiedzinski/JP1/labyDoKolokwium' for client Visual Studio Code 1.67.1.[0m
2022.05.11 09:02:57 INFO  time: initialize in 0.83s[0m
2022.05.11 09:02:57 WARN  Flyway upgrade recommended: H2 2.1.212 is newer than this version of Flyway and support has not been tested. The latest supported version of H2 is 2.1.210.[0m
2022.05.11 09:02:57 WARN  Build server is not auto-connectable.[0m
2022.05.11 09:02:57 WARN  no build tool detected in workspace '/home/klebiedzinski/JP1/labyDoKolokwium'. The most common cause for this problem is that the editor was opened in the wrong working directory, for example if you use sbt then the workspace directory should contain build.sbt. [0m
2022.05.11 09:02:58 WARN  no build target for: /home/klebiedzinski/JP1/labyDoKolokwium/lab02/src/main/scala/Main.scala[0m
2022.05.11 09:03:00 INFO  no build target found for /home/klebiedzinski/JP1/labyDoKolokwium/lab02/src/main/scala/Main.scala. Using presentation compiler with project's scala-library version: 3.1.2[0m
2022.05.11 09:03:01 INFO  time: code lens generation in 1.91s[0m
2022.05.11 09:03:01 INFO  time: code lens generation in 2.96s[0m
2022.05.11 09:03:53 WARN  no build target for: /home/klebiedzinski/JP1/labyDoKolokwium/lab03/src/main/scala/Main.scala[0m
2022.05.11 09:35:58 WARN  no build target for: /home/klebiedzinski/JP1/labyDoKolokwium/lab03/src/main/scala/Main.scala[0m
2022.05.11 09:36:14 WARN  no build target for: /home/klebiedzinski/JP1/labyDoKolokwium/lab03/src/main/scala/Main.scala[0m
2022.05.11 09:36:27 WARN  no build target for: /home/klebiedzinski/JP1/labyDoKolokwium/lab03/src/main/scala/Main.scala[0m
2022.05.11 09:36:55 WARN  no build target for: /home/klebiedzinski/JP1/labyDoKolokwium/lab03/src/main/scala/Main.scala[0m
2022.05.11 09:37:09 WARN  no build target for: /home/klebiedzinski/JP1/labyDoKolokwium/lab03/src/main/scala/Main.scala[0m
2022.05.11 09:37:50 WARN  no build target for: /home/klebiedzinski/JP1/labyDoKolokwium/lab03/src/main/scala/Main.scala[0m
2022.05.11 09:38:08 WARN  no build target for: /home/klebiedzinski/JP1/labyDoKolokwium/lab03/src/main/scala/Main.scala[0m
2022.05.11 09:39:05 WARN  no build target for: /home/klebiedzinski/JP1/labyDoKolokwium/lab03/src/main/scala/Main.scala[0m
2022.05.11 09:39:23 WARN  no build target for: /home/klebiedzinski/JP1/labyDoKolokwium/lab03/src/main/scala/Main.scala[0m
2022.05.11 09:39:41 WARN  no build target for: /home/klebiedzinski/JP1/labyDoKolokwium/lab03/src/main/scala/Main.scala[0m
2022.05.11 09:43:08 WARN  no build target for: /home/klebiedzinski/JP1/labyDoKolokwium/lab03/src/main/scala/Main.scala[0m
2022.05.11 09:44:52 WARN  no build target for: /home/klebiedzinski/JP1/labyDoKolokwium/lab03/src/main/scala/Main.scala[0m
2022.05.11 09:45:07 WARN  no build target for: /home/klebiedzinski/JP1/labyDoKolokwium/lab03/src/main/scala/Main.scala[0m
2022.05.11 09:45:57 WARN  no build target for: /home/klebiedzinski/JP1/labyDoKolokwium/lab03/src/main/scala/Main.scala[0m
2022.05.11 09:46:33 WARN  no build target for: /home/klebiedzinski/JP1/labyDoKolokwium/lab03/src/main/scala/Main.scala[0m
2022.05.11 09:46:45 WARN  no build target for: /home/klebiedzinski/JP1/labyDoKolokwium/lab03/src/main/scala/Main.scala[0m
May 11, 2022 9:46:55 AM org.eclipse.lsp4j.jsonrpc.services.GenericEndpoint notify
INFO: Unsupported notification method: $/setTrace
May 11, 2022 9:46:58 AM org.eclipse.lsp4j.jsonrpc.services.GenericEndpoint notify
INFO: Unsupported notification method: $/setTrace
May 11, 2022 9:46:58 AM org.eclipse.lsp4j.jsonrpc.services.GenericEndpoint notify
INFO: Unsupported notification method: $/setTrace
May 11, 2022 9:46:58 AM org.eclipse.lsp4j.jsonrpc.services.GenericEndpoint notify
INFO: Unsupported notification method: $/setTrace
2022.05.11 09:47:01 WARN  no build target for: /home/klebiedzinski/JP1/labyDoKolokwium/lab03/src/main/scala/Main.scala[0m
2022.05.11 10:01:44 WARN  no build target for: /home/klebiedzinski/JP1/labyDoKolokwium/lab03/src/main/scala/Main.scala[0m
2022.05.11 10:02:25 WARN  no build target for: /home/klebiedzinski/JP1/labyDoKolokwium/lab03/src/main/scala/Main.scala[0m
2022.05.11 10:02:35 WARN  no build target for: /home/klebiedzinski/JP1/labyDoKolokwium/lab03/src/main/scala/Main.scala[0m
2022.05.11 10:02:51 WARN  no build target for: /home/klebiedzinski/JP1/labyDoKolokwium/lab03/src/main/scala/Main.scala[0m
2022.05.11 10:03:17 WARN  no build target for: /home/klebiedzinski/JP1/labyDoKolokwium/lab03/src/main/scala/Main.scala[0m
2022.05.11 10:03:42 WARN  no build target for: /home/klebiedzinski/JP1/labyDoKolokwium/lab03/src/main/scala/Main.scala[0m
2022.05.11 10:14:36 WARN  no build target for: /home/klebiedzinski/JP1/labyDoKolokwium/lab03/src/main/scala/Main.scala[0m
2022.05.11 10:19:47 WARN  no build target for: /home/klebiedzinski/JP1/labyDoKolokwium/lab03/src/main/scala/Main.scala[0m
2022.05.11 10:20:10 WARN  no build target for: /home/klebiedzinski/JP1/labyDoKolokwium/lab03/src/main/scala/Main.scala[0m
2022.05.11 10:24:29 WARN  no build target for: /home/klebiedzinski/JP1/labyDoKolokwium/lab03/src/main/scala/Main.scala[0m
2022.05.11 10:44:06 WARN  no build target for: /home/klebiedzinski/JP1/labyDoKolokwium/lab03/src/main/scala/Main.scala[0m
2022.05.11 10:45:45 WARN  no build target for: /home/klebiedzinski/JP1/labyDoKolokwium/lab03/src/main/scala/Main.scala[0m
2022.05.11 10:46:40 WARN  no build target for: /home/klebiedzinski/JP1/labyDoKolokwium/lab03/src/main/scala/Main.scala[0m
2022.05.11 10:47:20 WARN  no build target for: /home/klebiedzinski/JP1/labyDoKolokwium/lab03/src/main/scala/Main.scala[0m
2022.05.11 10:47:46 WARN  no build target for: /home/klebiedzinski/JP1/labyDoKolokwium/lab03/src/main/scala/Main.scala[0m
2022.05.11 10:48:06 WARN  no build target for: /home/klebiedzinski/JP1/labyDoKolokwium/lab03/src/main/scala/Main.scala[0m
2022.05.11 10:48:55 WARN  no build target for: /home/klebiedzinski/JP1/labyDoKolokwium/lab03/src/main/scala/Main.scala[0m
2022.05.11 10:49:03 WARN  no build target for: /home/klebiedzinski/JP1/labyDoKolokwium/lab03/src/main/scala/Main.scala[0m
2022.05.11 10:50:12 WARN  no build target for: /home/klebiedzinski/JP1/labyDoKolokwium/lab03/src/main/scala/Main.scala[0m
2022.05.11 10:50:19 WARN  no build target for: /home/klebiedzinski/JP1/labyDoKolokwium/lab03/src/main/scala/Main.scala[0m
2022.05.11 10:51:00 WARN  no build target for: /home/klebiedzinski/JP1/labyDoKolokwium/lab03/src/main/scala/Main.scala[0m
2022.05.11 10:53:11 WARN  no build target for: /home/klebiedzinski/JP1/labyDoKolokwium/lab03/src/main/scala/Main.scala[0m
2022.05.11 21:08:14 INFO  shutting down Metals[0m
2022.05.13 11:14:44 INFO  tracing is disabled for protocol LSP, to enable tracing of incoming and outgoing JSON messages create an empty file at /home/klebiedzinski/JP1/labyDoKolokwium/.metals/lsp.trace.json or /home/klebiedzinski/.cache/metals/lsp.trace.json[0m
2022.05.13 11:14:44 INFO  logging to file /home/klebiedzinski/JP1/labyDoKolokwium/.metals/metals.log[0m
2022.05.13 11:14:44 INFO  Started: Metals version 0.11.5 in workspace '/home/klebiedzinski/JP1/labyDoKolokwium' for client Visual Studio Code 1.67.1.[0m
2022.05.13 11:14:45 INFO  time: initialize in 0.98s[0m
2022.05.13 11:14:45 WARN  Flyway upgrade recommended: H2 2.1.212 is newer than this version of Flyway and support has not been tested. The latest supported version of H2 is 2.1.210.[0m
2022.05.13 11:14:45 WARN  Build server is not auto-connectable.[0m
2022.05.13 11:14:45 WARN  no build tool detected in workspace '/home/klebiedzinski/JP1/labyDoKolokwium'. The most common cause for this problem is that the editor was opened in the wrong working directory, for example if you use sbt then the workspace directory should contain build.sbt. [0m
2022.05.13 11:14:46 WARN  no build target for: /home/klebiedzinski/JP1/labyDoKolokwium/lab03/src/main/scala/Main.scala[0m
2022.05.13 11:14:50 INFO  no build target found for /home/klebiedzinski/JP1/labyDoKolokwium/lab03/src/main/scala/Main.scala. Using presentation compiler with project's scala-library version: 3.1.2[0m
2022.05.13 11:14:53 INFO  time: code lens generation in 6.74s[0m
2022.05.13 11:20:11 WARN  no build target for: /home/klebiedzinski/JP1/labyDoKolokwium/lab04/src/main/scala/Main.scala[0m
2022.05.13 11:43:51 WARN  no build target for: /home/klebiedzinski/JP1/labyDoKolokwium/lab04/src/main/scala/Main.scala[0m
2022.05.13 11:45:24 WARN  no build target for: /home/klebiedzinski/JP1/labyDoKolokwium/lab04/src/main/scala/Main.scala[0m
2022.05.13 11:45:35 WARN  no build target for: /home/klebiedzinski/JP1/labyDoKolokwium/lab04/src/main/scala/Main.scala[0m
2022.05.13 11:45:41 WARN  no build target for: /home/klebiedzinski/JP1/labyDoKolokwium/lab04/src/main/scala/Main.scala[0m
2022.05.13 11:45:55 WARN  no build target for: /home/klebiedzinski/JP1/labyDoKolokwium/lab04/src/main/scala/Main.scala[0m
2022.05.13 11:46:06 WARN  no build target for: /home/klebiedzinski/JP1/labyDoKolokwium/lab04/src/main/scala/Main.scala[0m
2022.05.13 11:46:12 WARN  no build target for: /home/klebiedzinski/JP1/labyDoKolokwium/lab04/src/main/scala/Main.scala[0m
2022.05.13 11:46:20 WARN  no build target for: /home/klebiedzinski/JP1/labyDoKolokwium/lab04/src/main/scala/Main.scala[0m
2022.05.13 11:47:27 WARN  no build target for: /home/klebiedzinski/JP1/labyDoKolokwium/lab04/src/main/scala/Main.scala[0m
2022.05.13 11:47:48 WARN  no build target for: /home/klebiedzinski/JP1/labyDoKolokwium/lab04/src/main/scala/Main.scala[0m
2022.05.13 11:48:23 WARN  no build target for: /home/klebiedzinski/JP1/labyDoKolokwium/lab04/src/main/scala/Main.scala[0m
2022.05.13 11:48:34 WARN  no build target for: /home/klebiedzinski/JP1/labyDoKolokwium/lab04/src/main/scala/Main.scala[0m
2022.05.13 11:48:46 WARN  no build target for: /home/klebiedzinski/JP1/labyDoKolokwium/lab04/src/main/scala/Main.scala[0m
2022.05.13 11:48:53 WARN  no build target for: /home/klebiedzinski/JP1/labyDoKolokwium/lab04/src/main/scala/Main.scala[0m
2022.05.13 11:49:00 WARN  no build target for: /home/klebiedzinski/JP1/labyDoKolokwium/lab04/src/main/scala/Main.scala[0m
2022.05.13 11:49:06 WARN  no build target for: /home/klebiedzinski/JP1/labyDoKolokwium/lab04/src/main/scala/Main.scala[0m
2022.05.13 12:16:22 WARN  no build target for: /home/klebiedzinski/JP1/labyDoKolokwium/lab04/src/main/scala/Main.scala[0m
2022.05.13 12:17:48 WARN  no build target for: /home/klebiedzinski/JP1/labyDoKolokwium/lab04/src/main/scala/Main.scala[0m
2022.05.13 12:32:28 WARN  no build target for: /home/klebiedzinski/JP1/labyDoKolokwium/lab04/src/main/scala/Main.scala[0m
2022.05.13 12:33:24 WARN  no build target for: /home/klebiedzinski/JP1/labyDoKolokwium/lab04/src/main/scala/Main.scala[0m
2022.05.13 12:35:21 WARN  no build target for: /home/klebiedzinski/JP1/labyDoKolokwium/lab04/src/main/scala/Main.scala[0m
2022.05.13 12:35:21 WARN  no build target for: /home/klebiedzinski/JP1/labyDoKolokwium/lab04/src/main/scala/Main.scala[0m
2022.05.13 12:35:49 WARN  no build target for: /home/klebiedzinski/JP1/labyDoKolokwium/lab04/src/main/scala/Main.scala[0m
2022.05.13 12:40:03 WARN  no build target for: /home/klebiedzinski/JP1/labyDoKolokwium/lab04/src/main/scala/Main.scala[0m
2022.05.13 12:40:33 WARN  no build target for: /home/klebiedzinski/JP1/labyDoKolokwium/lab04/src/main/scala/Main.scala[0m
2022.05.13 13:21:06 WARN  no build target for: /home/klebiedzinski/JP1/labyDoKolokwium/lab04/src/main/scala/Main.scala[0m
2022.05.13 13:21:36 WARN  no build target for: /home/klebiedzinski/JP1/labyDoKolokwium/lab04/src/main/scala/Main.scala[0m
2022.05.13 13:22:46 WARN  no build target for: /home/klebiedzinski/JP1/labyDoKolokwium/lab04/src/main/scala/Main.scala[0m
2022.05.13 13:23:04 WARN  no build target for: /home/klebiedzinski/JP1/labyDoKolokwium/lab04/src/main/scala/Main.scala[0m
2022.05.13 13:23:36 WARN  no build target for: /home/klebiedzinski/JP1/labyDoKolokwium/lab04/src/main/scala/Main.scala[0m
2022.05.13 13:23:53 WARN  no build target for: /home/klebiedzinski/JP1/labyDoKolokwium/lab04/src/main/scala/Main.scala[0m
2022.05.13 13:24:41 WARN  no build target for: /home/klebiedzinski/JP1/labyDoKolokwium/lab04/src/main/scala/Main.scala[0m
2022.05.13 13:25:02 WARN  no build target for: /home/klebiedzinski/JP1/labyDoKolokwium/lab04/src/main/scala/Main.scala[0m
2022.05.13 13:25:24 WARN  no build target for: /home/klebiedzinski/JP1/labyDoKolokwium/lab04/src/main/scala/Main.scala[0m
2022.05.13 13:26:10 WARN  no build target for: /home/klebiedzinski/JP1/labyDoKolokwium/lab04/src/main/scala/Main.scala[0m
2022.05.13 13:26:29 WARN  no build target for: /home/klebiedzinski/JP1/labyDoKolokwium/lab04/src/main/scala/Main.scala[0m
2022.05.13 13:30:26 WARN  no build target for: /home/klebiedzinski/JP1/labyDoKolokwium/lab04/src/main/scala/Main.scala[0m
2022.05.13 13:30:27 WARN  no build target for: /home/klebiedzinski/JP1/labyDoKolokwium/lab04/src/main/scala/Main.scala[0m
2022.05.13 13:33:34 WARN  no build target for: /home/klebiedzinski/JP1/labyDoKolokwium/lab04/src/main/scala/Main.scala[0m
2022.05.13 13:33:51 WARN  no build target for: /home/klebiedzinski/JP1/labyDoKolokwium/lab04/src/main/scala/Main.scala[0m
2022.05.13 13:34:27 WARN  no build target for: /home/klebiedzinski/JP1/labyDoKolokwium/lab04/src/main/scala/Main.scala[0m
2022.05.13 13:36:25 WARN  no build target for: /home/klebiedzinski/JP1/labyDoKolokwium/lab04/src/main/scala/Main.scala[0m
2022.05.13 13:36:46 WARN  no build target for: /home/klebiedzinski/JP1/labyDoKolokwium/lab04/src/main/scala/Main.scala[0m
2022.05.13 13:37:05 WARN  no build target for: /home/klebiedzinski/JP1/labyDoKolokwium/lab04/src/main/scala/Main.scala[0m
2022.05.13 13:37:38 WARN  no build target for: /home/klebiedzinski/JP1/labyDoKolokwium/lab04/src/main/scala/Main.scala[0m
2022.05.13 13:38:01 WARN  no build target for: /home/klebiedzinski/JP1/labyDoKolokwium/lab04/src/main/scala/Main.scala[0m
2022.05.13 13:38:27 WARN  no build target for: /home/klebiedzinski/JP1/labyDoKolokwium/lab04/src/main/scala/Main.scala[0m
2022.05.13 13:57:34 WARN  no build target for: /home/klebiedzinski/JP1/labyDoKolokwium/lab04/src/main/scala/Main.scala[0m
2022.05.13 14:07:13 WARN  no build target for: /home/klebiedzinski/JP1/labyDoKolokwium/lab04/src/main/scala/Main.scala[0m
2022.05.13 14:07:14 INFO  shutting down Metals[0m
2022.05.13 18:43:25 INFO  tracing is disabled for protocol LSP, to enable tracing of incoming and outgoing JSON messages create an empty file at /home/klebiedzinski/JP1/labyDoKolokwium/.metals/lsp.trace.json or /home/klebiedzinski/.cache/metals/lsp.trace.json[0m
2022.05.13 18:43:26 INFO  logging to file /home/klebiedzinski/JP1/labyDoKolokwium/.metals/metals.log[0m
2022.05.13 18:43:26 INFO  Started: Metals version 0.11.5 in workspace '/home/klebiedzinski/JP1/labyDoKolokwium' for client Visual Studio Code 1.67.1.[0m
2022.05.13 18:43:27 INFO  time: initialize in 0.9s[0m
2022.05.13 18:43:27 WARN  Flyway upgrade recommended: H2 2.1.212 is newer than this version of Flyway and support has not been tested. The latest supported version of H2 is 2.1.210.[0m
2022.05.13 18:43:27 WARN  Build server is not auto-connectable.[0m
2022.05.13 18:43:27 WARN  no build tool detected in workspace '/home/klebiedzinski/JP1/labyDoKolokwium'. The most common cause for this problem is that the editor was opened in the wrong working directory, for example if you use sbt then the workspace directory should contain build.sbt. [0m
2022.05.13 18:43:27 WARN  no build target for: /home/klebiedzinski/JP1/labyDoKolokwium/lab04/src/main/scala/Main.scala[0m
2022.05.13 18:43:30 INFO  no build target found for /home/klebiedzinski/JP1/labyDoKolokwium/lab04/src/main/scala/Main.scala. Using presentation compiler with project's scala-library version: 3.1.2[0m
2022.05.13 18:43:32 INFO  time: code lens generation in 4.55s[0m
May 13, 2022 6:45:42 PM org.eclipse.lsp4j.jsonrpc.services.GenericEndpoint notify
INFO: Unsupported notification method: $/setTrace
May 13, 2022 6:45:43 PM org.eclipse.lsp4j.jsonrpc.services.GenericEndpoint notify
INFO: Unsupported notification method: $/setTrace
May 13, 2022 6:45:43 PM org.eclipse.lsp4j.jsonrpc.services.GenericEndpoint notify
INFO: Unsupported notification method: $/setTrace
May 13, 2022 6:45:45 PM org.eclipse.lsp4j.jsonrpc.services.GenericEndpoint notify
INFO: Unsupported notification method: $/setTrace
May 13, 2022 6:45:53 PM org.eclipse.lsp4j.jsonrpc.services.GenericEndpoint notify
INFO: Unsupported notification method: $/setTrace
May 13, 2022 6:45:53 PM org.eclipse.lsp4j.jsonrpc.services.GenericEndpoint notify
INFO: Unsupported notification method: $/setTrace
May 13, 2022 6:45:58 PM org.eclipse.lsp4j.jsonrpc.services.GenericEndpoint notify
INFO: Unsupported notification method: $/setTrace
May 13, 2022 6:45:58 PM org.eclipse.lsp4j.jsonrpc.services.GenericEndpoint notify
INFO: Unsupported notification method: $/setTrace
May 13, 2022 6:45:58 PM org.eclipse.lsp4j.jsonrpc.services.GenericEndpoint notify
INFO: Unsupported notification method: $/setTrace
May 13, 2022 6:46:01 PM org.eclipse.lsp4j.jsonrpc.services.GenericEndpoint notify
INFO: Unsupported notification method: $/setTrace
May 13, 2022 6:46:02 PM org.eclipse.lsp4j.jsonrpc.services.GenericEndpoint notify
INFO: Unsupported notification method: $/setTrace
May 13, 2022 6:46:02 PM org.eclipse.lsp4j.jsonrpc.services.GenericEndpoint notify
INFO: Unsupported notification method: $/setTrace
May 13, 2022 6:46:02 PM org.eclipse.lsp4j.jsonrpc.services.GenericEndpoint notify
INFO: Unsupported notification method: $/setTrace
May 13, 2022 6:46:02 PM org.eclipse.lsp4j.jsonrpc.services.GenericEndpoint notify
INFO: Unsupported notification method: $/setTrace
May 13, 2022 6:46:03 PM org.eclipse.lsp4j.jsonrpc.services.GenericEndpoint notify
INFO: Unsupported notification method: $/setTrace
May 13, 2022 6:46:03 PM org.eclipse.lsp4j.jsonrpc.services.GenericEndpoint notify
INFO: Unsupported notification method: $/setTrace
May 13, 2022 6:46:03 PM org.eclipse.lsp4j.jsonrpc.services.GenericEndpoint notify
INFO: Unsupported notification method: $/setTrace
May 13, 2022 6:46:03 PM org.eclipse.lsp4j.jsonrpc.services.GenericEndpoint notify
INFO: Unsupported notification method: $/setTrace
May 13, 2022 6:46:03 PM org.eclipse.lsp4j.jsonrpc.services.GenericEndpoint notify
INFO: Unsupported notification method: $/setTrace
May 13, 2022 6:46:04 PM org.eclipse.lsp4j.jsonrpc.services.GenericEndpoint notify
INFO: Unsupported notification method: $/setTrace
May 13, 2022 6:46:04 PM org.eclipse.lsp4j.jsonrpc.services.GenericEndpoint notify
INFO: Unsupported notification method: $/setTrace
May 13, 2022 6:46:04 PM org.eclipse.lsp4j.jsonrpc.services.GenericEndpoint notify
INFO: Unsupported notification method: $/setTrace
May 13, 2022 6:46:10 PM org.eclipse.lsp4j.jsonrpc.services.GenericEndpoint notify
INFO: Unsupported notification method: $/setTrace
May 13, 2022 6:46:11 PM org.eclipse.lsp4j.jsonrpc.services.GenericEndpoint notify
INFO: Unsupported notification method: $/setTrace
May 13, 2022 6:46:11 PM org.eclipse.lsp4j.jsonrpc.services.GenericEndpoint notify
INFO: Unsupported notification method: $/setTrace
May 13, 2022 6:46:11 PM org.eclipse.lsp4j.jsonrpc.services.GenericEndpoint notify
INFO: Unsupported notification method: $/setTrace
May 13, 2022 6:46:11 PM org.eclipse.lsp4j.jsonrpc.services.GenericEndpoint notify
INFO: Unsupported notification method: $/setTrace
May 13, 2022 6:46:11 PM org.eclipse.lsp4j.jsonrpc.services.GenericEndpoint notify
INFO: Unsupported notification method: $/setTrace
May 13, 2022 6:46:11 PM org.eclipse.lsp4j.jsonrpc.services.GenericEndpoint notify
INFO: Unsupported notification method: $/setTrace
May 13, 2022 6:46:12 PM org.eclipse.lsp4j.jsonrpc.services.GenericEndpoint notify
INFO: Unsupported notification method: $/setTrace
May 13, 2022 6:46:12 PM org.eclipse.lsp4j.jsonrpc.services.GenericEndpoint notify
INFO: Unsupported notification method: $/setTrace
May 13, 2022 6:46:12 PM org.eclipse.lsp4j.jsonrpc.services.GenericEndpoint notify
INFO: Unsupported notification method: $/setTrace
May 13, 2022 6:46:13 PM org.eclipse.lsp4j.jsonrpc.services.GenericEndpoint notify
INFO: Unsupported notification method: $/setTrace
May 13, 2022 6:46:13 PM org.eclipse.lsp4j.jsonrpc.services.GenericEndpoint notify
INFO: Unsupported notification method: $/setTrace
May 13, 2022 6:46:13 PM org.eclipse.lsp4j.jsonrpc.services.GenericEndpoint notify
INFO: Unsupported notification method: $/setTrace
May 13, 2022 6:46:13 PM org.eclipse.lsp4j.jsonrpc.services.GenericEndpoint notify
INFO: Unsupported notification method: $/setTrace
May 13, 2022 6:46:13 PM org.eclipse.lsp4j.jsonrpc.services.GenericEndpoint notify
INFO: Unsupported notification method: $/setTrace
May 13, 2022 6:46:14 PM org.eclipse.lsp4j.jsonrpc.services.GenericEndpoint notify
INFO: Unsupported notification method: $/setTrace
May 13, 2022 6:46:25 PM org.eclipse.lsp4j.jsonrpc.services.GenericEndpoint notify
INFO: Unsupported notification method: $/setTrace
May 13, 2022 6:46:26 PM org.eclipse.lsp4j.jsonrpc.services.GenericEndpoint notify
INFO: Unsupported notification method: $/setTrace
May 13, 2022 6:46:26 PM org.eclipse.lsp4j.jsonrpc.services.GenericEndpoint notify
INFO: Unsupported notification method: $/setTrace
May 13, 2022 6:46:26 PM org.eclipse.lsp4j.jsonrpc.services.GenericEndpoint notify
INFO: Unsupported notification method: $/setTrace
May 13, 2022 6:46:26 PM org.eclipse.lsp4j.jsonrpc.services.GenericEndpoint notify
INFO: Unsupported notification method: $/setTrace
May 13, 2022 6:46:27 PM org.eclipse.lsp4j.jsonrpc.services.GenericEndpoint notify
INFO: Unsupported notification method: $/setTrace
May 13, 2022 6:46:27 PM org.eclipse.lsp4j.jsonrpc.services.GenericEndpoint notify
INFO: Unsupported notification method: $/setTrace
May 13, 2022 6:46:30 PM org.eclipse.lsp4j.jsonrpc.services.GenericEndpoint notify
INFO: Unsupported notification method: $/setTrace
2022.05.13 18:48:06 WARN  no build target for: /home/klebiedzinski/JP1/labyDoKolokwium/lab04/src/main/scala/Main.scala[0m
2022.05.13 18:48:16 WARN  no build target for: /home/klebiedzinski/JP1/labyDoKolokwium/lab04/src/main/scala/Main.scala[0m
2022.05.13 18:49:06 WARN  no build target for: /home/klebiedzinski/JP1/labyDoKolokwium/lab04/src/main/scala/Main.scala[0m
2022.05.13 18:49:23 WARN  no build target for: /home/klebiedzinski/JP1/labyDoKolokwium/lab04/src/main/scala/Main.scala[0m
2022.05.13 18:49:57 WARN  no build target for: /home/klebiedzinski/JP1/labyDoKolokwium/lab04/src/main/scala/Main.scala[0m
2022.05.13 18:50:06 WARN  no build target for: /home/klebiedzinski/JP1/labyDoKolokwium/lab04/src/main/scala/Main.scala[0m
2022.05.13 18:50:26 WARN  no build target for: /home/klebiedzinski/JP1/labyDoKolokwium/lab04/src/main/scala/Main.scala[0m
2022.05.13 18:51:50 WARN  no build target for: /home/klebiedzinski/JP1/labyDoKolokwium/lab04/src/main/scala/Main.scala[0m
2022.05.13 18:51:58 WARN  no build target for: /home/klebiedzinski/JP1/labyDoKolokwium/lab04/src/main/scala/Main.scala[0m
May 13, 2022 6:53:12 PM org.eclipse.lsp4j.jsonrpc.services.GenericEndpoint notify
INFO: Unsupported notification method: $/setTrace
May 13, 2022 6:53:35 PM org.eclipse.lsp4j.jsonrpc.services.GenericEndpoint notify
INFO: Unsupported notification method: $/setTrace
2022.05.13 18:59:01 WARN  no build target for: /home/klebiedzinski/JP1/labyDoKolokwium/lab04/src/main/scala/Main.scala[0m
2022.05.13 18:59:05 WARN  no build target for: /home/klebiedzinski/JP1/labyDoKolokwium/lab04/src/main/scala/Main.scala[0m
2022.05.13 18:59:08 WARN  no build target for: /home/klebiedzinski/JP1/labyDoKolokwium/lab04/src/main/scala/Main.scala[0m
2022.05.13 19:03:50 WARN  no build target for: /home/klebiedzinski/JP1/labyDoKolokwium/lab04/src/main/scala/Main.scala[0m
2022.05.13 19:05:35 WARN  no build target for: /home/klebiedzinski/JP1/labyDoKolokwium/lab04/src/main/scala/Main.scala[0m
2022.05.13 19:06:31 WARN  no build target for: /home/klebiedzinski/JP1/labyDoKolokwium/lab04/src/main/scala/Main.scala[0m
2022.05.13 19:06:55 WARN  no build target for: /home/klebiedzinski/JP1/labyDoKolokwium/lab04/src/main/scala/Main.scala[0m
2022.05.13 19:07:27 WARN  no build target for: /home/klebiedzinski/JP1/labyDoKolokwium/lab04/src/main/scala/Main.scala[0m
2022.05.13 19:08:45 WARN  no build target for: /home/klebiedzinski/JP1/labyDoKolokwium/lab04/src/main/scala/Main.scala[0m
2022.05.13 19:20:54 WARN  no build target for: /home/klebiedzinski/JP1/labyDoKolokwium/lab04/src/main/scala/Main.scala[0m
2022.05.13 19:21:26 WARN  no build target for: /home/klebiedzinski/JP1/labyDoKolokwium/lab04/src/main/scala/Main.scala[0m
2022.05.13 19:22:15 WARN  no build target for: /home/klebiedzinski/JP1/labyDoKolokwium/lab04/src/main/scala/Main.scala[0m
2022.05.13 19:22:25 WARN  no build target for: /home/klebiedzinski/JP1/labyDoKolokwium/lab04/src/main/scala/Main.scala[0m
2022.05.13 19:23:23 WARN  no build target for: /home/klebiedzinski/JP1/labyDoKolokwium/lab04/src/main/scala/Main.scala[0m
2022.05.13 19:23:40 WARN  no build target for: /home/klebiedzinski/JP1/labyDoKolokwium/lab04/src/main/scala/Main.scala[0m
2022.05.13 19:24:14 WARN  no build target for: /home/klebiedzinski/JP1/labyDoKolokwium/lab04/src/main/scala/Main.scala[0m
2022.05.13 19:24:17 WARN  no build target for: /home/klebiedzinski/JP1/labyDoKolokwium/lab04/src/main/scala/Main.scala[0m
2022.05.13 19:24:47 WARN  no build target for: /home/klebiedzinski/JP1/labyDoKolokwium/lab04/src/main/scala/Main.scala[0m
May 13, 2022 7:25:02 PM org.eclipse.lsp4j.jsonrpc.services.GenericEndpoint notify
INFO: Unsupported notification method: $/setTrace
May 13, 2022 7:25:03 PM org.eclipse.lsp4j.jsonrpc.services.GenericEndpoint notify
INFO: Unsupported notification method: $/setTrace
May 13, 2022 7:25:03 PM org.eclipse.lsp4j.jsonrpc.services.GenericEndpoint notify
INFO: Unsupported notification method: $/setTrace
May 13, 2022 7:25:03 PM org.eclipse.lsp4j.jsonrpc.services.GenericEndpoint notify
INFO: Unsupported notification method: $/setTrace
May 13, 2022 7:25:10 PM org.eclipse.lsp4j.jsonrpc.services.GenericEndpoint notify
INFO: Unsupported notification method: $/setTrace
May 13, 2022 7:25:11 PM org.eclipse.lsp4j.jsonrpc.services.GenericEndpoint notify
INFO: Unsupported notification method: $/setTrace
May 13, 2022 7:25:11 PM org.eclipse.lsp4j.jsonrpc.services.GenericEndpoint notify
INFO: Unsupported notification method: $/setTrace
May 13, 2022 7:25:11 PM org.eclipse.lsp4j.jsonrpc.services.GenericEndpoint notify
INFO: Unsupported notification method: $/setTrace
2022.05.13 19:25:23 WARN  no build target for: /home/klebiedzinski/JP1/labyDoKolokwium/lab04/src/main/scala/Main.scala[0m
2022.05.13 19:25:41 WARN  no build target for: /home/klebiedzinski/JP1/labyDoKolokwium/lab04/src/main/scala/Main.scala[0m
2022.05.13 19:31:02 WARN  no build target for: /home/klebiedzinski/JP1/labyDoKolokwium/lab04/src/main/scala/Main.scala[0m
2022.05.13 19:31:09 WARN  no build target for: /home/klebiedzinski/JP1/labyDoKolokwium/lab04/src/main/scala/Main.scala[0m
2022.05.13 19:35:52 WARN  no build target for: /home/klebiedzinski/JP1/labyDoKolokwium/lab04/src/main/scala/Main.scala[0m
2022.05.13 19:52:51 WARN  no build target for: /home/klebiedzinski/JP1/labyDoKolokwium/lab04/src/main/scala/Main.scala[0m
2022.05.13 19:52:52 INFO  shutting down Metals[0m
2022.05.23 19:22:36 INFO  tracing is disabled for protocol LSP, to enable tracing of incoming and outgoing JSON messages create an empty file at /home/klebiedzinski/JP1/labyDoKolokwium/.metals/lsp.trace.json or /home/klebiedzinski/.cache/metals/lsp.trace.json[0m
2022.05.23 19:22:36 INFO  logging to file /home/klebiedzinski/JP1/labyDoKolokwium/.metals/metals.log[0m
2022.05.23 19:22:36 INFO  Started: Metals version 0.11.5 in workspace '/home/klebiedzinski/JP1/labyDoKolokwium' for client Visual Studio Code 1.67.2.[0m
2022.05.23 19:22:37 INFO  time: initialize in 0.8s[0m
2022.05.23 19:22:37 WARN  Flyway upgrade recommended: H2 2.1.212 is newer than this version of Flyway and support has not been tested. The latest supported version of H2 is 2.1.210.[0m
2022.05.23 19:22:37 WARN  Build server is not auto-connectable.[0m
2022.05.23 19:22:37 WARN  no build tool detected in workspace '/home/klebiedzinski/JP1/labyDoKolokwium'. The most common cause for this problem is that the editor was opened in the wrong working directory, for example if you use sbt then the workspace directory should contain build.sbt. [0m
2022.05.23 19:22:37 WARN  no build target for: /home/klebiedzinski/JP1/labyDoKolokwium/lab04/src/main/scala/Main.scala[0m
2022.05.23 19:22:40 WARN  no build target for: /home/klebiedzinski/JP1/labyDoKolokwium/lab06/src/main/scala/Main.scala[0m
2022.05.23 19:22:40 INFO  no build target found for /home/klebiedzinski/JP1/labyDoKolokwium/lab04/src/main/scala/Main.scala. Using presentation compiler with project's scala-library version: 3.1.2[0m
2022.05.23 19:22:44 INFO  time: code lens generation in 3.77s[0m
2022.05.23 19:22:44 INFO  time: code lens generation in 5.94s[0m
2022.05.23 19:43:38 INFO  shutting down Metals[0m
