[0m[[0m[0mdebug[0m] [0m[0m> Exec(run, Some(c0d3b2b5-be24-44cb-b2cc-324706b7cfaf), Some(CommandSource(console0)))[0m
[0m[[0m[0mdebug[0m] [0m[0mEvaluating tasks: Compile / run[0m
[0m[[0m[0mdebug[0m] [0m[0mRunning task... Cancel: Signal, check cycles: false, forcegc: true[0m
[0m[[0m[0minfo[0m] [0m[0mcompiling 1 Scala source to /home/klebiedzinski/JP1/lebiedzinski-karol/lab13/target/scala-3.1.2/classes ...[0m
[0m[[0m[31merror[0m] [0m[0m[31m-- [E008] Not Found Error: /home/klebiedzinski/JP1/lebiedzinski-karol/lab13/src/main/scala/model/Organizator.scala:65:35 [0m[0m
[0m[[0m[31merror[0m] [0m[0m[31m65 |[0m        .sortBy(el => (el([31m2[0m),el([31m1[0m).get.nota1,el([31m1[0m).get.nota2,el([31m1[0m).get.nota3)).take([31m21[0m)[0m
[0m[[0m[31merror[0m] [0m[0m   |                             [31m^^^^^^^^^[0m[0m
[0m[[0m[31merror[0m] [0m[0m   |                             value get is not a member of Matchable[0m
[0m[[0m[31merror[0m] [0m[0m[31m-- [E008] Not Found Error: /home/klebiedzinski/JP1/lebiedzinski-karol/lab13/src/main/scala/model/Organizator.scala:65:51 [0m[0m
[0m[[0m[31merror[0m] [0m[0m[31m65 |[0m        .sortBy(el => (el([31m2[0m),el([31m1[0m).get.nota1,el([31m1[0m).get.nota2,el([31m1[0m).get.nota3)).take([31m21[0m)[0m
[0m[[0m[31merror[0m] [0m[0m   |                                             [31m^^^^^^^^^[0m[0m
[0m[[0m[31merror[0m] [0m[0m   |                                  value get is not a member of Matchable[0m
[0m[[0m[31merror[0m] [0m[0m[31m-- [E008] Not Found Error: /home/klebiedzinski/JP1/lebiedzinski-karol/lab13/src/main/scala/model/Organizator.scala:65:67 [0m[0m
[0m[[0m[31merror[0m] [0m[0m[31m65 |[0m        .sortBy(el => (el([31m2[0m),el([31m1[0m).get.nota1,el([31m1[0m).get.nota2,el([31m1[0m).get.nota3)).take([31m21[0m)[0m
[0m[[0m[31merror[0m] [0m[0m   |                                                             [31m^^^^^^^^^[0m[0m
[0m[[0m[31merror[0m] [0m[0m   |                                  value get is not a member of Matchable[0m
[0m[[0m[31merror[0m] [0m[0m[31m-- Error: /home/klebiedzinski/JP1/lebiedzinski-karol/lab13/src/main/scala/model/Organizator.scala:65:78 [0m[0m
[0m[[0m[31merror[0m] [0m[0m[31m65 |[0m        .sortBy(el => (el([31m2[0m),el([31m1[0m).get.nota1,el([31m1[0m).get.nota2,el([31m1[0m).get.nota3)).take([31m21[0m)[0m
[0m[[0m[31merror[0m] [0m[0m   |                                                                              [31m^[0m[0m
[0m[[0m[31merror[0m] [0m[0m   |No implicit Ordering defined for ((upper)T1, (upper)T2, (upper)T3, (upper)T4)[0m
[0m[[0m[31merror[0m] [0m[0m   |[0m
[0m[[0m[31merror[0m] [0m[0m   |where:    (upper)T1 is a type variable with constraint >: Matchable[0m
[0m[[0m[31merror[0m] [0m[0m   |          (upper)T2 is a type variable[0m
[0m[[0m[31merror[0m] [0m[0m   |          (upper)T3 is a type variable[0m
[0m[[0m[31merror[0m] [0m[0m   |          (upper)T4 is a type variable[0m
[0m[[0m[31merror[0m] [0m[0m   |..[0m
[0m[[0m[31merror[0m] [0m[0m   |I found:[0m
[0m[[0m[31merror[0m] [0m[0m   |[0m
[0m[[0m[31merror[0m] [0m[0m   |    scala.math.Ordering.Tuple4[[35m(upper)T1[0m, [35m(upper)T2[0m, [35m(upper)T3[0m, [35m(upper)T4[0m]([0m
[0m[[0m[31merror[0m] [0m[0m   |      scala.math.Ordering.comparatorToOrdering[[35m(upper)T1[0m]([0m
[0m[[0m[31merror[0m] [0m[0m   |        /* missing */summon[java.util.Comparator[(upper)T1]][0m
[0m[[0m[31merror[0m] [0m[0m   |      )[0m
[0m[[0m[31merror[0m] [0m[0m   |    , ???, ???, ???)[0m
[0m[[0m[31merror[0m] [0m[0m   |[0m
[0m[[0m[31merror[0m] [0m[0m   |But no implicit values were found that match type java.util.Comparator[(upper)T1].[0m
[0m[[0m[31merror[0m] [0m[0mfour errors found[0m
[0m[[0m[31merror[0m] [0m[0m(Compile / [31mcompileIncremental[0m) Compilation failed[0m
[0m[[0m[31merror[0m] [0m[0mTotal time: 1 s, completed Jun 28, 2022 12:14:41 AM[0m
[0m[[0m[0mdebug[0m] [0m[0m> Exec(shell, None, None)[0m
